2019-08-05 09:15:32,206 [main] INFO - 淘宝服务初始化完成
2019-08-05 09:15:32,206 [main] INFO - 初始化[HTTP服务:resource]开始...
2019-08-05 09:15:32,208 [Interval-org.zhiqim.httpd.bio.HttpBioListener] INFO - 允许最大连接[200]，当前总连接[0]=WS[0]+活动[0]+空闲[0]，允许空闲[53]秒
2019-08-05 09:15:32,288 [Controller-resource] INFO - 线程池[name:resource,min:20,max:200,cur:20,active:0,queue:0,idleTime:600]
2019-08-05 09:15:32,320 [main] INFO - 初始化[HTTP服务:resource][ZML引擎]开始...[2019-08-05 09:15:32,320]
2019-08-05 09:15:32,327 [main] INFO - 初始化[HTTP服务:resource][ZML引擎]结束!!![2019-08-05 09:15:32,327]
2019-08-05 09:15:32,328 [main] INFO - 初始化[HTTP服务:resource][Context:产品管理]开始...[2019-08-05 09:15:32,328]
2019-08-05 09:15:32,334 [main] INFO - <interceptor name="登录拦截器" key="chklogin" class="com.xiyuan.action.Intercepter" />
2019-08-05 09:15:32,336 [main] INFO - <action name="首页" path="/index.htm" interceptor="chklogin" view="/zview/index.zml" class="com.xiyuan.action.IndexAction" />
2019-08-05 09:15:32,336 [main] INFO - <action name="首页" path="/error.htm" view="/zview/error.zml" />
2019-08-05 09:15:32,337 [main] INFO - <action name="login" path="/taobaologin.htm" class="com.xiyuan.action.LoginAction" />
2019-08-05 09:15:32,345 [main] INFO - 初始化[HTTP服务:resource][Context:产品管理]完成!!![2019-08-05 09:15:32,344]
2019-08-05 09:15:32,346 [main] INFO - 初始化[HTTP服务:resource]http监听:[name:resource;port:88]完成!!!

2019-08-05 09:15:32,349 [main] INFO - 系统[产品管理]-版本[V1.0]初始化完成!!!

2019-08-05 09:15:57,279 [resource-1] INFO - USER:guest IP:127.0.0.1 URI:/ 拦截器已拦截
2019-08-05 09:16:25,209 [Interval-org.zhiqim.httpd.bio.HttpBioListener] INFO - 允许最大连接[200]，当前总连接[0]=WS[0]+活动[0]+空闲[0]，允许空闲[53]秒
2019-08-05 09:16:44,044 [resource-3] INFO - USER:guest IP:127.0.0.1 URI:/ 拦截器已拦截
2019-08-05 09:17:18,210 [Interval-org.zhiqim.httpd.bio.HttpBioListener] INFO - 允许最大连接[200]，当前总连接[2]=WS[0]+活动[2]+空闲[0]，允许空闲[53]秒
2019-08-05 09:17:49,576 [resource-3] INFO - USER:guest IP:127.0.0.1 URI:/taobaologin.htm?code=euIzfD8bhWqzf2Sze9dpwcIZ5560198&state=state
2019-08-05 09:17:49,687 [resource-5] INFO - USER:guest IP:127.0.0.1 URI:/index.htm 拦截器已拦截
2019-08-05 09:18:11,211 [Interval-org.zhiqim.httpd.bio.HttpBioListener] INFO - 允许最大连接[200]，当前总连接[2]=WS[0]+活动[2]+空闲[0]，允许空闲[53]秒
2019-08-05 09:19:04,214 [Interval-org.zhiqim.httpd.bio.HttpBioListener] INFO - 允许最大连接[200]，当前总连接[1]=WS[0]+活动[1]+空闲[0]，允许空闲[53]秒
2019-08-05 09:19:57,216 [Interval-org.zhiqim.httpd.bio.HttpBioListener] INFO - 允许最大连接[200]，当前总连接[1]=WS[0]+活动[1]+空闲[0]，允许空闲[53]秒
2019-08-05 09:20:50,219 [Interval-org.zhiqim.httpd.bio.HttpBioListener] INFO - 允许最大连接[200]，当前总连接[1]=WS[0]+活动[1]+空闲[0]，允许空闲[53]秒
2019-08-05 09:21:43,220 [Interval-org.zhiqim.httpd.bio.HttpBioListener] INFO - 允许最大连接[200]，当前总连接[1]=WS[0]+活动[1]+空闲[0]，允许空闲[53]秒
2019-08-05 09:22:36,223 [Interval-org.zhiqim.httpd.bio.HttpBioListener] INFO - 允许最大连接[200]，当前总连接[1]=WS[0]+活动[1]+空闲[0]，允许空闲[53]秒
2019-08-05 09:23:29,225 [Interval-org.zhiqim.httpd.bio.HttpBioListener] INFO - 允许最大连接[200]，当前总连接[1]=WS[0]+活动[1]+空闲[0]，允许空闲[53]秒
2019-08-05 09:24:22,228 [Interval-org.zhiqim.httpd.bio.HttpBioListener] INFO - 允许最大连接[200]，当前总连接[1]=WS[0]+活动[1]+空闲[0]，允许空闲[53]秒
2019-08-05 09:25:15,229 [Interval-org.zhiqim.httpd.bio.HttpBioListener] INFO - 允许最大连接[200]，当前总连接[1]=WS[0]+活动[1]+空闲[0]，允许空闲[53]秒
2019-08-05 09:25:32,288 [Controller-resource] INFO - 线程池[name:resource,min:20,max:200,cur:20,active:0,queue:0,idleTime:600]
2019-08-05 09:26:08,231 [Interval-org.zhiqim.httpd.bio.HttpBioListener] INFO - 允许最大连接[200]，当前总连接[1]=WS[0]+活动[1]+空闲[0]，允许空闲[53]秒
2019-08-05 09:27:01,233 [Interval-org.zhiqim.httpd.bio.HttpBioListener] INFO - 允许最大连接[200]，当前总连接[1]=WS[0]+活动[1]+空闲[0]，允许空闲[53]秒
2019-08-05 09:27:54,237 [Interval-org.zhiqim.httpd.bio.HttpBioListener] INFO - 允许最大连接[200]，当前总连接[1]=WS[0]+活动[1]+空闲[0]，允许空闲[53]秒
2019-08-05 09:28:47,238 [Interval-org.zhiqim.httpd.bio.HttpBioListener] INFO - 允许最大连接[200]，当前总连接[1]=WS[0]+活动[1]+空闲[0]，允许空闲[53]秒
2019-08-05 09:29:40,242 [Interval-org.zhiqim.httpd.bio.HttpBioListener] INFO - 允许最大连接[200]，当前总连接[1]=WS[0]+活动[1]+空闲[0]，允许空闲[53]秒
2019-08-05 09:30:33,243 [Interval-org.zhiqim.httpd.bio.HttpBioListener] INFO - 允许最大连接[200]，当前总连接[1]=WS[0]+活动[1]+空闲[0]，允许空闲[53]秒
2019-08-05 09:31:26,245 [Interval-org.zhiqim.httpd.bio.HttpBioListener] INFO - 允许最大连接[200]，当前总连接[1]=WS[0]+活动[1]+空闲[0]，允许空闲[53]秒
2019-08-05 09:32:19,248 [Interval-org.zhiqim.httpd.bio.HttpBioListener] INFO - 允许最大连接[200]，当前总连接[1]=WS[0]+活动[1]+空闲[0]，允许空闲[53]秒
2019-08-05 09:33:12,250 [Interval-org.zhiqim.httpd.bio.HttpBioListener] INFO - 允许最大连接[200]，当前总连接[1]=WS[0]+活动[1]+空闲[0]，允许空闲[53]秒
2019-08-05 09:34:05,252 [Interval-org.zhiqim.httpd.bio.HttpBioListener] INFO - 允许最大连接[200]，当前总连接[1]=WS[0]+活动[1]+空闲[0]，允许空闲[53]秒
2019-08-05 09:34:58,254 [Interval-org.zhiqim.httpd.bio.HttpBioListener] INFO - 允许最大连接[200]，当前总连接[1]=WS[0]+活动[1]+空闲[0]，允许空闲[53]秒
2019-08-05 09:35:32,290 [Controller-resource] INFO - 线程池[name:resource,min:20,max:200,cur:20,active:0,queue:0,idleTime:600]
2019-08-05 09:35:51,257 [Interval-org.zhiqim.httpd.bio.HttpBioListener] INFO - 允许最大连接[200]，当前总连接[1]=WS[0]+活动[1]+空闲[0]，允许空闲[53]秒
2019-08-05 09:36:44,258 [Interval-org.zhiqim.httpd.bio.HttpBioListener] INFO - 允许最大连接[200]，当前总连接[1]=WS[0]+活动[1]+空闲[0]，允许空闲[53]秒
2019-08-05 09:37:37,261 [Interval-org.zhiqim.httpd.bio.HttpBioListener] INFO - 允许最大连接[200]，当前总连接[1]=WS[0]+活动[1]+空闲[0]，允许空闲[53]秒
2019-08-05 09:38:30,262 [Interval-org.zhiqim.httpd.bio.HttpBioListener] INFO - 允许最大连接[200]，当前总连接[1]=WS[0]+活动[1]+空闲[0]，允许空闲[53]秒
2019-08-05 09:39:23,263 [Interval-org.zhiqim.httpd.bio.HttpBioListener] INFO - 允许最大连接[200]，当前总连接[1]=WS[0]+活动[1]+空闲[0]，允许空闲[53]秒
2019-08-05 09:40:16,263 [Interval-org.zhiqim.httpd.bio.HttpBioListener] INFO - 允许最大连接[200]，当前总连接[1]=WS[0]+活动[1]+空闲[0]，允许空闲[53]秒
2019-08-05 09:41:09,264 [Interval-org.zhiqim.httpd.bio.HttpBioListener] INFO - 允许最大连接[200]，当前总连接[1]=WS[0]+活动[1]+空闲[0]，允许空闲[53]秒
2019-08-05 09:42:02,265 [Interval-org.zhiqim.httpd.bio.HttpBioListener] INFO - 允许最大连接[200]，当前总连接[1]=WS[0]+活动[1]+空闲[0]，允许空闲[53]秒
2019-08-05 09:42:55,269 [Interval-org.zhiqim.httpd.bio.HttpBioListener] INFO - 允许最大连接[200]，当前总连接[1]=WS[0]+活动[1]+空闲[0]，允许空闲[53]秒
2019-08-05 09:43:48,272 [Interval-org.zhiqim.httpd.bio.HttpBioListener] INFO - 允许最大连接[200]，当前总连接[1]=WS[0]+活动[1]+空闲[0]，允许空闲[53]秒
2019-08-05 09:44:41,276 [Interval-org.zhiqim.httpd.bio.HttpBioListener] INFO - 允许最大连接[200]，当前总连接[1]=WS[0]+活动[1]+空闲[0]，允许空闲[53]秒
2019-08-05 09:45:32,292 [Controller-resource] INFO - 线程池[name:resource,min:20,max:200,cur:20,active:0,queue:0,idleTime:600]
2019-08-05 09:45:34,277 [Interval-org.zhiqim.httpd.bio.HttpBioListener] INFO - 允许最大连接[200]，当前总连接[1]=WS[0]+活动[1]+空闲[0]，允许空闲[53]秒
2019-08-05 09:46:27,279 [Interval-org.zhiqim.httpd.bio.HttpBioListener] INFO - 允许最大连接[200]，当前总连接[1]=WS[0]+活动[1]+空闲[0]，允许空闲[53]秒
2019-08-05 09:47:20,282 [Interval-org.zhiqim.httpd.bio.HttpBioListener] INFO - 允许最大连接[200]，当前总连接[1]=WS[0]+活动[1]+空闲[0]，允许空闲[53]秒
2019-08-05 09:48:13,282 [Interval-org.zhiqim.httpd.bio.HttpBioListener] INFO - 允许最大连接[200]，当前总连接[1]=WS[0]+活动[1]+空闲[0]，允许空闲[53]秒
2019-08-05 09:49:06,287 [Interval-org.zhiqim.httpd.bio.HttpBioListener] INFO - 允许最大连接[200]，当前总连接[1]=WS[0]+活动[1]+空闲[0]，允许空闲[53]秒
2019-08-05 09:49:59,288 [Interval-org.zhiqim.httpd.bio.HttpBioListener] INFO - 允许最大连接[200]，当前总连接[1]=WS[0]+活动[1]+空闲[0]，允许空闲[53]秒
2019-08-05 09:50:52,291 [Interval-org.zhiqim.httpd.bio.HttpBioListener] INFO - 允许最大连接[200]，当前总连接[1]=WS[0]+活动[1]+空闲[0]，允许空闲[53]秒
2019-08-05 09:51:45,294 [Interval-org.zhiqim.httpd.bio.HttpBioListener] INFO - 允许最大连接[200]，当前总连接[1]=WS[0]+活动[1]+空闲[0]，允许空闲[53]秒
2019-08-05 09:52:38,295 [Interval-org.zhiqim.httpd.bio.HttpBioListener] INFO - 允许最大连接[200]，当前总连接[1]=WS[0]+活动[1]+空闲[0]，允许空闲[53]秒
2019-08-05 09:53:31,296 [Interval-org.zhiqim.httpd.bio.HttpBioListener] INFO - 允许最大连接[200]，当前总连接[1]=WS[0]+活动[1]+空闲[0]，允许空闲[53]秒
2019-08-05 09:54:24,299 [Interval-org.zhiqim.httpd.bio.HttpBioListener] INFO - 允许最大连接[200]，当前总连接[1]=WS[0]+活动[1]+空闲[0]，允许空闲[53]秒
2019-08-05 09:54:46,665 [main] INFO - 淘宝服务初始化完成
2019-08-05 09:54:46,665 [main] INFO - 初始化[HTTP服务:resource]开始...
2019-08-05 09:54:46,666 [Interval-org.zhiqim.httpd.bio.HttpBioListener] INFO - 允许最大连接[200]，当前总连接[0]=WS[0]+活动[0]+空闲[0]，允许空闲[53]秒
2019-08-05 09:54:46,751 [Controller-resource] INFO - 线程池[name:resource,min:20,max:200,cur:20,active:0,queue:0,idleTime:600]
2019-08-05 09:54:46,779 [main] INFO - 初始化[HTTP服务:resource][ZML引擎]开始...[2019-08-05 09:54:46,779]
2019-08-05 09:54:46,786 [main] INFO - 初始化[HTTP服务:resource][ZML引擎]结束!!![2019-08-05 09:54:46,786]
2019-08-05 09:54:46,787 [main] INFO - 初始化[HTTP服务:resource][Context:产品管理]开始...[2019-08-05 09:54:46,786]
2019-08-05 09:54:46,792 [main] INFO - <interceptor name="登录拦截器" key="chklogin" class="com.xiyuan.action.Intercepter" />
2019-08-05 09:54:46,793 [main] INFO - <action name="首页" path="/index.htm" interceptor="chklogin" view="/zview/index.zml" class="com.xiyuan.action.IndexAction" />
2019-08-05 09:54:46,793 [main] INFO - <action name="首页" path="/error.htm" view="/zview/error.zml" />
2019-08-05 09:54:46,793 [main] INFO - <action name="login" path="/taobaologin.htm" class="com.xiyuan.action.LoginAction" />
2019-08-05 09:54:46,799 [main] INFO - 初始化[HTTP服务:resource][Context:产品管理]完成!!![2019-08-05 09:54:46,799]
2019-08-05 09:54:46,799 [main] INFO - 初始化[HTTP服务:resource]http监听:[name:resource;port:88]完成!!!

2019-08-05 09:54:46,800 [main] INFO - 系统[产品管理]-版本[V1.0]初始化完成!!!

2019-08-05 09:55:39,669 [Interval-org.zhiqim.httpd.bio.HttpBioListener] INFO - 允许最大连接[200]，当前总连接[1]=WS[0]+活动[1]+空闲[0]，允许空闲[53]秒
2019-08-05 09:56:24,278 [resource-1] INFO - USER:guest IP:127.0.0.1 URI:/taobaologin.htm?code=qL35KxgehKj9zDwWzSNZmisg5581099&state=state
2019-08-05 09:56:24,415 [resource-2] INFO - USER:guest IP:127.0.0.1 URI:/index.htm 拦截器已拦截
2019-08-05 09:56:32,671 [Interval-org.zhiqim.httpd.bio.HttpBioListener] INFO - 允许最大连接[200]，当前总连接[1]=WS[0]+活动[1]+空闲[0]，允许空闲[53]秒
2019-08-05 09:57:25,673 [Interval-org.zhiqim.httpd.bio.HttpBioListener] INFO - 允许最大连接[200]，当前总连接[0]=WS[0]+活动[0]+空闲[0]，允许空闲[53]秒
2019-08-05 09:58:18,676 [Interval-org.zhiqim.httpd.bio.HttpBioListener] INFO - 允许最大连接[200]，当前总连接[0]=WS[0]+活动[0]+空闲[0]，允许空闲[53]秒
2019-08-05 09:59:11,679 [Interval-org.zhiqim.httpd.bio.HttpBioListener] INFO - 允许最大连接[200]，当前总连接[0]=WS[0]+活动[0]+空闲[0]，允许空闲[53]秒
2019-08-05 10:00:01,815 [resource-1] INFO - USER:guest IP:127.0.0.1 URI:/taobaologin.htm?code=rbr8o6BQo91DS29oB6iT59Hi5696466&state=state
2019-08-05 10:00:01,969 [resource-1] INFO - USER:guest IP:127.0.0.1 URI:/index.htm 拦截器已拦截
2019-08-05 10:00:04,680 [Interval-org.zhiqim.httpd.bio.HttpBioListener] INFO - 允许最大连接[200]，当前总连接[1]=WS[0]+活动[1]+空闲[0]，允许空闲[53]秒
2019-08-05 10:00:43,791 [resource-12] INFO - USER:guest IP:127.0.0.1 URI:/taobaologin.htm?code=52sGJ6Z8KY7JXadJqtLJyuPa5696121&state=state
2019-08-05 10:00:43,937 [resource-16] INFO - USER:guest IP:127.0.0.1 URI:/index.htm 拦截器已拦截
2019-08-05 10:00:57,682 [Interval-org.zhiqim.httpd.bio.HttpBioListener] INFO - 允许最大连接[200]，当前总连接[2]=WS[0]+活动[2]+空闲[0]，允许空闲[53]秒
2019-08-05 10:01:31,007 [resource-12] INFO - USER:guest IP:127.0.0.1 URI:/taobaologin.htm?code=9KbHQXYzsggctcwXWPeHrlPG5698764&state=state
2019-08-05 10:01:31,117 [resource-5] INFO - USER:guest IP:127.0.0.1 URI:/index.htm 拦截器已拦截
2019-08-05 10:01:50,684 [Interval-org.zhiqim.httpd.bio.HttpBioListener] INFO - 允许最大连接[200]，当前总连接[3]=WS[0]+活动[3]+空闲[0]，允许空闲[53]秒
2019-08-05 10:02:43,686 [Interval-org.zhiqim.httpd.bio.HttpBioListener] INFO - 允许最大连接[200]，当前总连接[2]=WS[0]+活动[2]+空闲[0]，允许空闲[53]秒
2019-08-05 10:03:36,690 [Interval-org.zhiqim.httpd.bio.HttpBioListener] INFO - 允许最大连接[200]，当前总连接[2]=WS[0]+活动[2]+空闲[0]，允许空闲[53]秒
2019-08-05 10:04:29,691 [Interval-org.zhiqim.httpd.bio.HttpBioListener] INFO - 允许最大连接[200]，当前总连接[2]=WS[0]+活动[2]+空闲[0]，允许空闲[53]秒
2019-08-05 10:04:46,753 [Controller-resource] INFO - 线程池[name:resource,min:20,max:200,cur:20,active:0,queue:0,idleTime:600]
2019-08-05 10:05:22,692 [Interval-org.zhiqim.httpd.bio.HttpBioListener] INFO - 允许最大连接[200]，当前总连接[2]=WS[0]+活动[2]+空闲[0]，允许空闲[53]秒
2019-08-05 10:06:15,695 [Interval-org.zhiqim.httpd.bio.HttpBioListener] INFO - 允许最大连接[200]，当前总连接[2]=WS[0]+活动[2]+空闲[0]，允许空闲[53]秒
2019-08-05 10:07:08,697 [Interval-org.zhiqim.httpd.bio.HttpBioListener] INFO - 允许最大连接[200]，当前总连接[2]=WS[0]+活动[2]+空闲[0]，允许空闲[53]秒
2019-08-05 10:08:01,698 [Interval-org.zhiqim.httpd.bio.HttpBioListener] INFO - 允许最大连接[200]，当前总连接[2]=WS[0]+活动[2]+空闲[0]，允许空闲[53]秒
2019-08-05 10:08:54,698 [Interval-org.zhiqim.httpd.bio.HttpBioListener] INFO - 允许最大连接[200]，当前总连接[2]=WS[0]+活动[2]+空闲[0]，允许空闲[53]秒
2019-08-05 10:09:47,700 [Interval-org.zhiqim.httpd.bio.HttpBioListener] INFO - 允许最大连接[200]，当前总连接[2]=WS[0]+活动[2]+空闲[0]，允许空闲[53]秒
2019-08-05 10:10:40,703 [Interval-org.zhiqim.httpd.bio.HttpBioListener] INFO - 允许最大连接[200]，当前总连接[2]=WS[0]+活动[2]+空闲[0]，允许空闲[53]秒
2019-08-05 10:11:33,704 [Interval-org.zhiqim.httpd.bio.HttpBioListener] INFO - 允许最大连接[200]，当前总连接[2]=WS[0]+活动[2]+空闲[0]，允许空闲[53]秒
2019-08-05 10:12:26,706 [Interval-org.zhiqim.httpd.bio.HttpBioListener] INFO - 允许最大连接[200]，当前总连接[2]=WS[0]+活动[2]+空闲[0]，允许空闲[53]秒
2019-08-05 10:13:19,708 [Interval-org.zhiqim.httpd.bio.HttpBioListener] INFO - 允许最大连接[200]，当前总连接[2]=WS[0]+活动[2]+空闲[0]，允许空闲[53]秒
2019-08-05 10:14:12,711 [Interval-org.zhiqim.httpd.bio.HttpBioListener] INFO - 允许最大连接[200]，当前总连接[2]=WS[0]+活动[2]+空闲[0]，允许空闲[53]秒
2019-08-05 10:14:46,756 [Controller-resource] INFO - 线程池[name:resource,min:20,max:200,cur:20,active:0,queue:0,idleTime:600]
2019-08-05 10:15:05,712 [Interval-org.zhiqim.httpd.bio.HttpBioListener] INFO - 允许最大连接[200]，当前总连接[2]=WS[0]+活动[2]+空闲[0]，允许空闲[53]秒
2019-08-05 10:15:37,238 [resource-11] INFO - USER:guest IP:127.0.0.1 URI:/taobaologin.htm?code=agyiI7mL4JDvxfONBDChb9N05594748&state=state
2019-08-05 10:15:37,305 [resource-11] INFO - USER:guest IP:127.0.0.1 URI:/index.htm 拦截器已拦截
2019-08-05 10:15:50,440 [resource-1] INFO - USER:guest IP:127.0.0.1 URI:/taobaologin.htm?code=a7Y6XQLSxdlYZPifdYK3LHqC5582618&state=state
2019-08-05 10:15:50,531 [resource-15] INFO - USER:guest IP:127.0.0.1 URI:/index.htm 拦截器已拦截
2019-08-05 10:15:58,714 [Interval-org.zhiqim.httpd.bio.HttpBioListener] INFO - 允许最大连接[200]，当前总连接[4]=WS[0]+活动[4]+空闲[0]，允许空闲[53]秒
2019-08-05 10:16:51,717 [Interval-org.zhiqim.httpd.bio.HttpBioListener] INFO - 允许最大连接[200]，当前总连接[3]=WS[0]+活动[3]+空闲[0]，允许空闲[53]秒
2019-08-05 10:17:44,718 [Interval-org.zhiqim.httpd.bio.HttpBioListener] INFO - 允许最大连接[200]，当前总连接[3]=WS[0]+活动[3]+空闲[0]，允许空闲[53]秒
2019-08-05 10:18:37,722 [Interval-org.zhiqim.httpd.bio.HttpBioListener] INFO - 允许最大连接[200]，当前总连接[3]=WS[0]+活动[3]+空闲[0]，允许空闲[53]秒
2019-08-05 10:19:30,724 [Interval-org.zhiqim.httpd.bio.HttpBioListener] INFO - 允许最大连接[200]，当前总连接[3]=WS[0]+活动[3]+空闲[0]，允许空闲[53]秒
2019-08-05 10:20:23,726 [Interval-org.zhiqim.httpd.bio.HttpBioListener] INFO - 允许最大连接[200]，当前总连接[3]=WS[0]+活动[3]+空闲[0]，允许空闲[53]秒
2019-08-05 10:21:16,728 [Interval-org.zhiqim.httpd.bio.HttpBioListener] INFO - 允许最大连接[200]，当前总连接[3]=WS[0]+活动[3]+空闲[0]，允许空闲[53]秒
2019-08-05 10:22:09,729 [Interval-org.zhiqim.httpd.bio.HttpBioListener] INFO - 允许最大连接[200]，当前总连接[3]=WS[0]+活动[3]+空闲[0]，允许空闲[53]秒
2019-08-05 10:23:02,730 [Interval-org.zhiqim.httpd.bio.HttpBioListener] INFO - 允许最大连接[200]，当前总连接[3]=WS[0]+活动[3]+空闲[0]，允许空闲[53]秒
2019-08-05 10:23:55,731 [Interval-org.zhiqim.httpd.bio.HttpBioListener] INFO - 允许最大连接[200]，当前总连接[3]=WS[0]+活动[3]+空闲[0]，允许空闲[53]秒
2019-08-05 10:24:46,756 [Controller-resource] INFO - 线程池[name:resource,min:20,max:200,cur:20,active:0,queue:0,idleTime:600]
2019-08-05 10:24:48,734 [Interval-org.zhiqim.httpd.bio.HttpBioListener] INFO - 允许最大连接[200]，当前总连接[3]=WS[0]+活动[3]+空闲[0]，允许空闲[53]秒
2019-08-05 10:25:41,735 [Interval-org.zhiqim.httpd.bio.HttpBioListener] INFO - 允许最大连接[200]，当前总连接[3]=WS[0]+活动[3]+空闲[0]，允许空闲[53]秒
2019-08-05 10:26:34,736 [Interval-org.zhiqim.httpd.bio.HttpBioListener] INFO - 允许最大连接[200]，当前总连接[3]=WS[0]+活动[3]+空闲[0]，允许空闲[53]秒
2019-08-05 10:27:27,738 [Interval-org.zhiqim.httpd.bio.HttpBioListener] INFO - 允许最大连接[200]，当前总连接[4]=WS[0]+活动[4]+空闲[0]，允许空闲[53]秒
2019-08-05 10:27:55,493 [resource-1] INFO - USER:guest IP:127.0.0.1 URI:/taobaologin.htm?error=invalid_client&error_description=Application%2012644408%20need%20purchase&state=state
2019-08-05 10:28:10,953 [resource-11] INFO - USER:guest IP:127.0.0.1 URI:/taobaologin.htm?error=invalid_client&error_description=Application%2012644408%20need%20purchase&state=state
2019-08-05 10:28:20,740 [Interval-org.zhiqim.httpd.bio.HttpBioListener] INFO - 允许最大连接[200]，当前总连接[4]=WS[0]+活动[4]+空闲[0]，允许空闲[53]秒
2019-08-05 10:29:13,742 [Interval-org.zhiqim.httpd.bio.HttpBioListener] INFO - 允许最大连接[200]，当前总连接[3]=WS[0]+活动[3]+空闲[0]，允许空闲[53]秒
2019-08-05 10:30:06,743 [Interval-org.zhiqim.httpd.bio.HttpBioListener] INFO - 允许最大连接[200]，当前总连接[3]=WS[0]+活动[3]+空闲[0]，允许空闲[53]秒
2019-08-05 10:30:59,745 [Interval-org.zhiqim.httpd.bio.HttpBioListener] INFO - 允许最大连接[200]，当前总连接[3]=WS[0]+活动[3]+空闲[0]，允许空闲[53]秒
2019-08-05 10:31:52,747 [Interval-org.zhiqim.httpd.bio.HttpBioListener] INFO - 允许最大连接[200]，当前总连接[3]=WS[0]+活动[3]+空闲[0]，允许空闲[53]秒
2019-08-05 10:32:45,749 [Interval-org.zhiqim.httpd.bio.HttpBioListener] INFO - 允许最大连接[200]，当前总连接[5]=WS[0]+活动[5]+空闲[0]，允许空闲[53]秒
2019-08-05 10:33:38,751 [Interval-org.zhiqim.httpd.bio.HttpBioListener] INFO - 允许最大连接[200]，当前总连接[5]=WS[0]+活动[5]+空闲[0]，允许空闲[53]秒
2019-08-05 10:34:31,753 [Interval-org.zhiqim.httpd.bio.HttpBioListener] INFO - 允许最大连接[200]，当前总连接[5]=WS[0]+活动[5]+空闲[0]，允许空闲[53]秒
2019-08-05 10:34:46,758 [Controller-resource] INFO - 线程池[name:resource,min:20,max:200,cur:20,active:0,queue:0,idleTime:600]
2019-08-05 10:35:24,755 [Interval-org.zhiqim.httpd.bio.HttpBioListener] INFO - 允许最大连接[200]，当前总连接[5]=WS[0]+活动[5]+空闲[0]，允许空闲[53]秒
2019-08-05 10:36:17,758 [Interval-org.zhiqim.httpd.bio.HttpBioListener] INFO - 允许最大连接[200]，当前总连接[5]=WS[0]+活动[5]+空闲[0]，允许空闲[53]秒
2019-08-05 10:37:10,760 [Interval-org.zhiqim.httpd.bio.HttpBioListener] INFO - 允许最大连接[200]，当前总连接[5]=WS[0]+活动[5]+空闲[0]，允许空闲[53]秒
